# JRE version: Java(TM) SE Runtime Environment (8.0_74-b02) (build 1.8.0_74-b02)
# Java VM: Java HotSpot(TM) 64-Bit Server VM (25.74-b02 mixed mode bsd-amd64 compressed oops)
Heap:
 PSYoungGen      total 601088K, used 16186K [0x000000076ab00000, 0x0000000796700000, 0x00000007c0000000)
  eden space 574976K, 0% used [0x000000076ab00000,0x000000076ae30730,0x000000078dc80000)
  from space 26112K, 49% used [0x000000078dc80000,0x000000078e91e180,0x000000078f600000)
  to   space 25088K, 0% used [0x0000000794e80000,0x0000000794e80000,0x0000000796700000)
 ParOldGen       total 239616K, used 47788K [0x00000006c0000000, 0x00000006cea00000, 0x000000076ab00000)
  object space 239616K, 19% used [0x00000006c0000000,0x00000006c2eab308,0x00000006cea00000)
 Metaspace       used 62479K, capacity 86757K, committed 86936K, reserved 1107968K
  class space    used 17539K, capacity 27521K, committed 27544K, reserved 1048576K
GC Heap History (10 events):
Event: 6.247 GC heap before
{Heap before GC invocations=14 (full 3):
 PSYoungGen      total 387072K, used 12212K [0x000000076ab00000, 0x000000078b900000, 0x00000007c0000000)
  eden space 363520K, 0% used [0x000000076ab00000,0x000000076ab00000,0x0000000780e00000)
  from space 23552K, 51% used [0x0000000780e00000,0x00000007819ed198,0x0000000782500000)
  to   space 23040K, 0% used [0x000000078a280000,0x000000078a280000,0x000000078b900000)
 ParOldGen       total 154112K, used 39754K [0x00000006c0000000, 0x00000006c9680000, 0x000000076ab00000)
  object space 154112K, 25% used [0x00000006c0000000,0x00000006c26d29a0,0x00000006c9680000)
 Metaspace       used 45365K, capacity 59053K, committed 59160K, reserved 1091584K
  class space    used 11612K, capacity 17077K, committed 17176K, reserved 1048576K
Event: 6.456 GC heap after
Heap after GC invocations=14 (full 3):
 PSYoungGen      total 387072K, used 0K [0x000000076ab00000, 0x000000078b900000, 0x00000007c0000000)
  eden space 363520K, 0% used [0x000000076ab00000,0x000000076ab00000,0x0000000780e00000)
  from space 23552K, 0% used [0x0000000780e00000,0x0000000780e00000,0x0000000782500000)
  to   space 23040K, 0% used [0x000000078a280000,0x000000078a280000,0x000000078b900000)
 ParOldGen       total 239616K, used 41089K [0x00000006c0000000, 0x00000006cea00000, 0x000000076ab00000)
  object space 239616K, 17% used [0x00000006c0000000,0x00000006c2820528,0x00000006cea00000)
 Metaspace       used 45365K, capacity 59053K, committed 59160K, reserved 1091584K
  class space    used 11612K, capacity 17077K, committed 17176K, reserved 1048576K
}
Event: 7.375 GC heap before
{Heap before GC invocations=15 (full 3):
 PSYoungGen      total 387072K, used 363520K [0x000000076ab00000, 0x000000078b900000, 0x00000007c0000000)
  eden space 363520K, 100% used [0x000000076ab00000,0x0000000780e00000,0x0000000780e00000)
  from space 23552K, 0% used [0x0000000780e00000,0x0000000780e00000,0x0000000782500000)
  to   space 23040K, 0% used [0x000000078a280000,0x000000078a280000,0x000000078b900000)
 ParOldGen       total 239616K, used 41089K [0x00000006c0000000, 0x00000006cea00000, 0x000000076ab00000)
  object space 239616K, 17% used [0x00000006c0000000,0x00000006c2820528,0x00000006cea00000)
 Metaspace       used 45663K, capacity 59377K, committed 59672K, reserved 1091584K
  class space    used 11655K, capacity 17113K, committed 17176K, reserved 1048576K
Event: 7.408 GC heap after
Heap after GC invocations=15 (full 3):
 PSYoungGen      total 487424K, used 23014K [0x000000076ab00000, 0x000000078b900000, 0x00000007c0000000)
  eden space 464384K, 0% used [0x000000076ab00000,0x000000076ab00000,0x0000000787080000)
  from space 23040K, 99% used [0x000000078a280000,0x000000078b8f9808,0x000000078b900000)
  to   space 27648K, 0% used [0x0000000788300000,0x0000000788300000,0x0000000789e00000)
 ParOldGen       total 239616K, used 43480K [0x00000006c0000000, 0x00000006cea00000, 0x000000076ab00000)
  object space 239616K, 18% used [0x00000006c0000000,0x00000006c2a76150,0x00000006cea00000)
 Metaspace       used 45663K, capacity 59377K, committed 59672K, reserved 1091584K
  class space    used 11655K, capacity 17113K, committed 17176K, reserved 1048576K
}
Event: 254.937 GC heap before
{Heap before GC invocations=16 (full 3):
 PSYoungGen      total 487424K, used 487398K [0x000000076ab00000, 0x000000078b900000, 0x00000007c0000000)
  eden space 464384K, 100% used [0x000000076ab00000,0x0000000787080000,0x0000000787080000)
  from space 23040K, 99% used [0x000000078a280000,0x000000078b8f9808,0x000000078b900000)
  to   space 27648K, 0% used [0x0000000788300000,0x0000000788300000,0x0000000789e00000)
 ParOldGen       total 239616K, used 43480K [0x00000006c0000000, 0x00000006cea00000, 0x000000076ab00000)
  object space 239616K, 18% used [0x00000006c0000000,0x00000006c2a76150,0x00000006cea00000)
 Metaspace       used 48416K, capacity 64405K, committed 64664K, reserved 1095680K
  class space    used 12708K, capacity 19021K, committed 19096K, reserved 1048576K
Event: 254.961 GC heap after
Heap after GC invocations=16 (full 3):
 PSYoungGen      total 510976K, used 16231K [0x000000076ab00000, 0x0000000791100000, 0x00000007c0000000)
  eden space 483328K, 0% used [0x000000076ab00000,0x000000076ab00000,0x0000000788300000)
  from space 27648K, 58% used [0x0000000788300000,0x00000007892d9cd8,0x0000000789e00000)
  to   space 27648K, 0% used [0x000000078f600000,0x000000078f600000,0x0000000791100000)
 ParOldGen       total 239616K, used 47772K [0x00000006c0000000, 0x00000006cea00000, 0x000000076ab00000)
  object space 239616K, 19% used [0x00000006c0000000,0x00000006c2ea7308,0x00000006cea00000)
 Metaspace       used 48416K, capacity 64405K, committed 64664K, reserved 1095680K
  class space    used 12708K, capacity 19021K, committed 19096K, reserved 1048576K
}
Event: 1852.358 GC heap before
{Heap before GC invocations=17 (full 3):
 PSYoungGen      total 510976K, used 499559K [0x000000076ab00000, 0x0000000791100000, 0x00000007c0000000)
  eden space 483328K, 100% used [0x000000076ab00000,0x0000000788300000,0x0000000788300000)
  from space 27648K, 58% used [0x0000000788300000,0x00000007892d9cd8,0x0000000789e00000)
  to   space 27648K, 0% used [0x000000078f600000,0x000000078f600000,0x0000000791100000)
 ParOldGen       total 239616K, used 47772K [0x00000006c0000000, 0x00000006cea00000, 0x000000076ab00000)
  object space 239616K, 19% used [0x00000006c0000000,0x00000006c2ea7308,0x00000006cea00000)
 Metaspace       used 60716K, capacity 84441K, committed 84504K, reserved 1107968K
  class space    used 17029K, capacity 26855K, committed 26904K, reserved 1048576K
Event: 1852.366 GC heap after
Heap after GC invocations=17 (full 3):
 PSYoungGen      total 602624K, used 10711K [0x000000076ab00000, 0x0000000791200000, 0x00000007c0000000)
  eden space 574976K, 0% used [0x000000076ab00000,0x000000076ab00000,0x000000078dc80000)
  from space 27648K, 38% used [0x000000078f600000,0x0000000790075eb8,0x0000000791100000)
  to   space 26112K, 0% used [0x000000078dc80000,0x000000078dc80000,0x000000078f600000)
 ParOldGen       total 239616K, used 47780K [0x00000006c0000000, 0x00000006cea00000, 0x000000076ab00000)
  object space 239616K, 19% used [0x00000006c0000000,0x00000006c2ea9308,0x00000006cea00000)
 Metaspace       used 60716K, capacity 84441K, committed 84504K, reserved 1107968K
  class space    used 17029K, capacity 26855K, committed 26904K, reserved 1048576K
}
Event: 54481.018 GC heap before
{Heap before GC invocations=18 (full 3):
 PSYoungGen      total 602624K, used 585687K [0x000000076ab00000, 0x0000000791200000, 0x00000007c0000000)
  eden space 574976K, 100% used [0x000000076ab00000,0x000000078dc80000,0x000000078dc80000)
  from space 27648K, 38% used [0x000000078f600000,0x0000000790075eb8,0x0000000791100000)
  to   space 26112K, 0% used [0x000000078dc80000,0x000000078dc80000,0x000000078f600000)
 ParOldGen       total 239616K, used 47780K [0x00000006c0000000, 0x00000006cea00000, 0x000000076ab00000)
  object space 239616K, 19% used [0x00000006c0000000,0x00000006c2ea9308,0x00000006cea00000)
 Metaspace       used 62478K, capacity 86757K, committed 86936K, reserved 1107968K
  class space    used 17539K, capacity 27521K, committed 27544K, reserved 1048576K
Event: 54481.129 GC heap after
Heap after GC invocations=18 (full 3):
 PSYoungGen      total 601088K, used 12920K [0x000000076ab00000, 0x0000000796700000, 0x00000007c0000000)
  eden space 574976K, 0% used [0x000000076ab00000,0x000000076ab00000,0x000000078dc80000)
  from space 26112K, 49% used [0x000000078dc80000,0x000000078e91e180,0x000000078f600000)
  to   space 25088K, 0% used [0x0000000794e80000,0x0000000794e80000,0x0000000796700000)
 ParOldGen       total 239616K, used 47788K [0x00000006c0000000, 0x00000006cea00000, 0x000000076ab00000)
  object space 239616K, 19% used [0x00000006c0000000,0x00000006c2eab308,0x00000006cea00000)
 Metaspace       used 62478K, capacity 86757K, committed 86936K, reserved 1107968K
  class space    used 17539K, capacity 27521K, committed 27544K, reserved 1048576K
}

